2025-11-03 07:15:57,891 - ERROR - Error processing https://nask.pl/aktualnosci/fakty-nie-mity-nask-i-umb-wspolnie-przeciw-dezinformacji-medycznej: 'NoneType' object has no attribute 'text'
2025-11-03 07:15:58,010 - ERROR - Error processing https://nask.pl/aktualnosci/szkoly-coraz-blizej-technologicznej-rewolucji-znamy-oferty-na-szkolne-laboratoria-przyszlosci: 'NoneType' object has no attribute 'text'
2025-11-03 07:17:11,824 - ERROR - Error processing https://nask.pl/aktualnosci/szkoly-coraz-blizej-technologicznej-rewolucji-znamy-oferty-na-szkolne-laboratoria-przyszlosci: 'NoneType' object has no attribute 'text'
2025-11-03 07:17:11,951 - ERROR - Error processing https://nask.pl/aktualnosci/fakty-nie-mity-nask-i-umb-wspolnie-przeciw-dezinformacji-medycznej: 'NoneType' object has no attribute 'text'
2025-11-03 07:17:39,581 - ERROR - Error processing https://nask.pl/aktualnosci/fakty-nie-mity-nask-i-umb-wspolnie-przeciw-dezinformacji-medycznej: 'NoneType' object has no attribute 'text'
2025-11-03 07:17:39,698 - ERROR - Error processing https://nask.pl/aktualnosci/szkoly-coraz-blizej-technologicznej-rewolucji-znamy-oferty-na-szkolne-laboratoria-przyszlosci: 'NoneType' object has no attribute 'text'
2025-11-03 07:18:31,245 - ERROR - Error processing https://nask.pl/aktualnosci/szkoly-coraz-blizej-technologicznej-rewolucji-znamy-oferty-na-szkolne-laboratoria-przyszlosci: 'NoneType' object has no attribute 'text'
2025-11-03 07:18:31,311 - ERROR - Error processing https://nask.pl/aktualnosci/fakty-nie-mity-nask-i-umb-wspolnie-przeciw-dezinformacji-medycznej: 'NoneType' object has no attribute 'text'
2025-11-03 07:22:33,469 - ERROR - 106 - Error processing https://nask.pl/aktualnosci/szkoly-coraz-blizej-technologicznej-rewolucji-znamy-oferty-na-szkolne-laboratoria-przyszlosci: ("'NoneType' object has no attribute 'text'",)
2025-11-03 07:22:33,538 - ERROR - 106 - Error processing https://nask.pl/aktualnosci/fakty-nie-mity-nask-i-umb-wspolnie-przeciw-dezinformacji-medycznej: ("'NoneType' object has no attribute 'text'",)
2025-11-03 07:25:41,127 - ERROR - 106 - Error processing https://nask.pl/aktualnosci/szkoly-coraz-blizej-technologicznej-rewolucji-znamy-oferty-na-szkolne-laboratoria-przyszlosci: ("'NoneType' object has no attribute 'text'",)
Traceback (most recent call last):
  File "/home/emphie/Documents/PycharmProjects/dyplomCB_cronscrapers/nask/async_individual_link_processor.py", line 85, in process_link
    creation_date = soup.select_one('div.meta').text.strip().split('|')[0].strip()
AttributeError: 'NoneType' object has no attribute 'text'
2025-11-03 07:25:41,195 - ERROR - 106 - Error processing https://nask.pl/aktualnosci/fakty-nie-mity-nask-i-umb-wspolnie-przeciw-dezinformacji-medycznej: ("'NoneType' object has no attribute 'text'",)
Traceback (most recent call last):
  File "/home/emphie/Documents/PycharmProjects/dyplomCB_cronscrapers/nask/async_individual_link_processor.py", line 85, in process_link
    creation_date = soup.select_one('div.meta').text.strip().split('|')[0].strip()
AttributeError: 'NoneType' object has no attribute 'text'
2025-11-03 07:35:04,300 - INFO - 79 - Successfully fetched content, processing HTML...
2025-11-03 07:35:04,367 - ERROR - 106 - Error processing https://nask.pl/aktualnosci/fakty-nie-mity-nask-i-umb-wspolnie-przeciw-dezinformacji-medycznej: ("'NoneType' object has no attribute 'text'",)
Traceback (most recent call last):
  File "/home/emphie/Documents/PycharmProjects/dyplomCB_cronscrapers/nask/async_individual_link_processor.py", line 85, in process_link
    creation_date = soup.select_one('div.meta').text.strip().split('|')[0].strip()
AttributeError: 'NoneType' object has no attribute 'text'
2025-11-03 07:35:04,372 - INFO - 79 - Successfully fetched content, processing HTML...
2025-11-03 07:35:04,434 - ERROR - 106 - Error processing https://nask.pl/aktualnosci/szkoly-coraz-blizej-technologicznej-rewolucji-znamy-oferty-na-szkolne-laboratoria-przyszlosci: ("'NoneType' object has no attribute 'text'",)
Traceback (most recent call last):
  File "/home/emphie/Documents/PycharmProjects/dyplomCB_cronscrapers/nask/async_individual_link_processor.py", line 85, in process_link
    creation_date = soup.select_one('div.meta').text.strip().split('|')[0].strip()
AttributeError: 'NoneType' object has no attribute 'text'
2025-11-03 07:35:16,598 - ERROR - 106 - Error processing https://nask.pl/aktualnosci/fakty-nie-mity-nask-i-umb-wspolnie-przeciw-dezinformacji-medycznej: ("'NoneType' object has no attribute 'text'",)
Traceback (most recent call last):
  File "/home/emphie/Documents/PycharmProjects/dyplomCB_cronscrapers/nask/async_individual_link_processor.py", line 85, in process_link
    creation_date = soup.select_one('div.meta').text.strip().split('|')[0].strip()
AttributeError: 'NoneType' object has no attribute 'text'
2025-11-03 07:35:16,661 - ERROR - 106 - Error processing https://nask.pl/aktualnosci/szkoly-coraz-blizej-technologicznej-rewolucji-znamy-oferty-na-szkolne-laboratoria-przyszlosci: ("'NoneType' object has no attribute 'text'",)
Traceback (most recent call last):
  File "/home/emphie/Documents/PycharmProjects/dyplomCB_cronscrapers/nask/async_individual_link_processor.py", line 85, in process_link
    creation_date = soup.select_one('div.meta').text.strip().split('|')[0].strip()
AttributeError: 'NoneType' object has no attribute 'text'
2025-11-03 07:35:27,461 - ERROR - 106 - Error processing https://nask.pl/aktualnosci/szkoly-coraz-blizej-technologicznej-rewolucji-znamy-oferty-na-szkolne-laboratoria-przyszlosci: ("'NoneType' object has no attribute 'text'",)
Traceback (most recent call last):
  File "/home/emphie/Documents/PycharmProjects/dyplomCB_cronscrapers/nask/async_individual_link_processor.py", line 85, in process_link
    creation_date = soup.select_one('div.meta').text.strip().split('|')[0].strip()
AttributeError: 'NoneType' object has no attribute 'text'
2025-11-03 07:35:27,597 - ERROR - 106 - Error processing https://nask.pl/aktualnosci/fakty-nie-mity-nask-i-umb-wspolnie-przeciw-dezinformacji-medycznej: ("'NoneType' object has no attribute 'text'",)
Traceback (most recent call last):
  File "/home/emphie/Documents/PycharmProjects/dyplomCB_cronscrapers/nask/async_individual_link_processor.py", line 85, in process_link
    creation_date = soup.select_one('div.meta').text.strip().split('|')[0].strip()
AttributeError: 'NoneType' object has no attribute 'text'
2025-11-03 07:36:16,960 - INFO - 79 - Successfully fetched content, processing HTML...
2025-11-03 07:36:17,021 - ERROR - 106 - Error processing https://nask.pl/aktualnosci/fakty-nie-mity-nask-i-umb-wspolnie-przeciw-dezinformacji-medycznej: ("'NoneType' object has no attribute 'text'",)
Traceback (most recent call last):
  File "/home/emphie/Documents/PycharmProjects/dyplomCB_cronscrapers/nask/async_individual_link_processor.py", line 85, in process_link
    creation_date = soup.select_one('div.meta').text.strip().split('|')[0].strip()
AttributeError: 'NoneType' object has no attribute 'text'
2025-11-03 07:36:17,024 - INFO - 79 - Successfully fetched content, processing HTML...
2025-11-03 07:36:17,079 - ERROR - 106 - Error processing https://nask.pl/aktualnosci/szkoly-coraz-blizej-technologicznej-rewolucji-znamy-oferty-na-szkolne-laboratoria-przyszlosci: ("'NoneType' object has no attribute 'text'",)
Traceback (most recent call last):
  File "/home/emphie/Documents/PycharmProjects/dyplomCB_cronscrapers/nask/async_individual_link_processor.py", line 85, in process_link
    creation_date = soup.select_one('div.meta').text.strip().split('|')[0].strip()
AttributeError: 'NoneType' object has no attribute 'text'
2025-11-03 07:36:35,354 - INFO - 79 - Successfully fetched content, processing HTML...
2025-11-03 07:36:35,414 - ERROR - 106 - Error processing https://nask.pl/aktualnosci/szkoly-coraz-blizej-technologicznej-rewolucji-znamy-oferty-na-szkolne-laboratoria-przyszlosci: ("'NoneType' object has no attribute 'text'",)
Traceback (most recent call last):
  File "/home/emphie/Documents/PycharmProjects/dyplomCB_cronscrapers/nask/async_individual_link_processor.py", line 85, in process_link
    creation_date = soup.select_one('div.meta').text.strip().split('|')[0].strip()
AttributeError: 'NoneType' object has no attribute 'text'
2025-11-03 07:36:35,419 - INFO - 79 - Successfully fetched content, processing HTML...
2025-11-03 07:36:35,486 - ERROR - 106 - Error processing https://nask.pl/aktualnosci/fakty-nie-mity-nask-i-umb-wspolnie-przeciw-dezinformacji-medycznej: ("'NoneType' object has no attribute 'text'",)
Traceback (most recent call last):
  File "/home/emphie/Documents/PycharmProjects/dyplomCB_cronscrapers/nask/async_individual_link_processor.py", line 85, in process_link
    creation_date = soup.select_one('div.meta').text.strip().split('|')[0].strip()
AttributeError: 'NoneType' object has no attribute 'text'
2025-11-03 07:41:18,591 - INFO - 79 - Successfully fetched content, processing HTML...
2025-11-03 07:41:18,653 - ERROR - 107 - Error processing https://nask.pl/aktualnosci/fakty-nie-mity-nask-i-umb-wspolnie-przeciw-dezinformacji-medycznej: ("':text-small' was detected as a pseudo-class and is either unsupported or invalid. If the syntax was not intended to be recognized as a pseudo-class, please escape the colon.\n  line 1:\nspan.text-tiny text-theme-text-secondary md:text-small:nth-child(1)\n                                           ^",)
Traceback (most recent call last):
  File "/home/emphie/Documents/PycharmProjects/dyplomCB_cronscrapers/nask/async_individual_link_processor.py", line 85, in process_link
    creation_date = soup.select_one('span.text-tiny text-theme-text-secondary md:text-small:nth-child(1)').text.strip()
  File "/home/emphie/Documents/PycharmProjects/dyplomCB_cronscrapers/.venv/lib/python3.10/site-packages/bs4/element.py", line 2805, in select_one
    return self.css.select_one(selector, namespaces, **kwargs)
  File "/home/emphie/Documents/PycharmProjects/dyplomCB_cronscrapers/.venv/lib/python3.10/site-packages/bs4/css.py", line 157, in select_one
    return self.api.select_one(
  File "/home/emphie/Documents/PycharmProjects/dyplomCB_cronscrapers/.venv/lib/python3.10/site-packages/soupsieve/__init__.py", line 132, in select_one
    return compile(select, namespaces, flags, **kwargs).select_one(tag)
  File "/home/emphie/Documents/PycharmProjects/dyplomCB_cronscrapers/.venv/lib/python3.10/site-packages/soupsieve/__init__.py", line 65, in compile
    return cp._cached_css_compile(
  File "/home/emphie/Documents/PycharmProjects/dyplomCB_cronscrapers/.venv/lib/python3.10/site-packages/soupsieve/css_parser.py", line 220, in _cached_css_compile
    ).process_selectors(),
  File "/home/emphie/Documents/PycharmProjects/dyplomCB_cronscrapers/.venv/lib/python3.10/site-packages/soupsieve/css_parser.py", line 1152, in process_selectors
    return self.parse_selectors(self.selector_iter(self.pattern), index, flags)
  File "/home/emphie/Documents/PycharmProjects/dyplomCB_cronscrapers/.venv/lib/python3.10/site-packages/soupsieve/css_parser.py", line 996, in parse_selectors
    has_selector, is_html = self.parse_pseudo_class(sel, m, has_selector, iselector, is_html)
  File "/home/emphie/Documents/PycharmProjects/dyplomCB_cronscrapers/.venv/lib/python3.10/site-packages/soupsieve/css_parser.py", line 672, in parse_pseudo_class
    raise SelectorSyntaxError(
soupsieve.util.SelectorSyntaxError: ':text-small' was detected as a pseudo-class and is either unsupported or invalid. If the syntax was not intended to be recognized as a pseudo-class, please escape the colon.
  line 1:
span.text-tiny text-theme-text-secondary md:text-small:nth-child(1)
                                           ^
2025-11-03 07:41:18,669 - INFO - 79 - Successfully fetched content, processing HTML...
2025-11-03 07:41:18,723 - ERROR - 107 - Error processing https://nask.pl/aktualnosci/szkoly-coraz-blizej-technologicznej-rewolucji-znamy-oferty-na-szkolne-laboratoria-przyszlosci: ("':text-small' was detected as a pseudo-class and is either unsupported or invalid. If the syntax was not intended to be recognized as a pseudo-class, please escape the colon.\n  line 1:\nspan.text-tiny text-theme-text-secondary md:text-small:nth-child(1)\n                                           ^",)
Traceback (most recent call last):
  File "/home/emphie/Documents/PycharmProjects/dyplomCB_cronscrapers/nask/async_individual_link_processor.py", line 85, in process_link
    creation_date = soup.select_one('span.text-tiny text-theme-text-secondary md:text-small:nth-child(1)').text.strip()
  File "/home/emphie/Documents/PycharmProjects/dyplomCB_cronscrapers/.venv/lib/python3.10/site-packages/bs4/element.py", line 2805, in select_one
    return self.css.select_one(selector, namespaces, **kwargs)
  File "/home/emphie/Documents/PycharmProjects/dyplomCB_cronscrapers/.venv/lib/python3.10/site-packages/bs4/css.py", line 157, in select_one
    return self.api.select_one(
  File "/home/emphie/Documents/PycharmProjects/dyplomCB_cronscrapers/.venv/lib/python3.10/site-packages/soupsieve/__init__.py", line 132, in select_one
    return compile(select, namespaces, flags, **kwargs).select_one(tag)
  File "/home/emphie/Documents/PycharmProjects/dyplomCB_cronscrapers/.venv/lib/python3.10/site-packages/soupsieve/__init__.py", line 65, in compile
    return cp._cached_css_compile(
  File "/home/emphie/Documents/PycharmProjects/dyplomCB_cronscrapers/.venv/lib/python3.10/site-packages/soupsieve/css_parser.py", line 220, in _cached_css_compile
    ).process_selectors(),
  File "/home/emphie/Documents/PycharmProjects/dyplomCB_cronscrapers/.venv/lib/python3.10/site-packages/soupsieve/css_parser.py", line 1152, in process_selectors
    return self.parse_selectors(self.selector_iter(self.pattern), index, flags)
  File "/home/emphie/Documents/PycharmProjects/dyplomCB_cronscrapers/.venv/lib/python3.10/site-packages/soupsieve/css_parser.py", line 996, in parse_selectors
    has_selector, is_html = self.parse_pseudo_class(sel, m, has_selector, iselector, is_html)
  File "/home/emphie/Documents/PycharmProjects/dyplomCB_cronscrapers/.venv/lib/python3.10/site-packages/soupsieve/css_parser.py", line 672, in parse_pseudo_class
    raise SelectorSyntaxError(
soupsieve.util.SelectorSyntaxError: ':text-small' was detected as a pseudo-class and is either unsupported or invalid. If the syntax was not intended to be recognized as a pseudo-class, please escape the colon.
  line 1:
span.text-tiny text-theme-text-secondary md:text-small:nth-child(1)
                                           ^
2025-11-03 07:42:57,146 - INFO - 79 - Successfully fetched content, processing HTML...
2025-11-03 07:42:57,204 - ERROR - 107 - Error processing https://nask.pl/aktualnosci/szkoly-coraz-blizej-technologicznej-rewolucji-znamy-oferty-na-szkolne-laboratoria-przyszlosci: ("'NoneType' object has no attribute 'text'",)
Traceback (most recent call last):
  File "/home/emphie/Documents/PycharmProjects/dyplomCB_cronscrapers/nask/async_individual_link_processor.py", line 87, in process_link
    article_title = soup.select_one('article#articleContent > h1').text.strip()
AttributeError: 'NoneType' object has no attribute 'text'
2025-11-03 07:42:57,235 - INFO - 79 - Successfully fetched content, processing HTML...
2025-11-03 07:42:57,300 - ERROR - 107 - Error processing https://nask.pl/aktualnosci/fakty-nie-mity-nask-i-umb-wspolnie-przeciw-dezinformacji-medycznej: ("'NoneType' object has no attribute 'text'",)
Traceback (most recent call last):
  File "/home/emphie/Documents/PycharmProjects/dyplomCB_cronscrapers/nask/async_individual_link_processor.py", line 87, in process_link
    article_title = soup.select_one('article#articleContent > h1').text.strip()
AttributeError: 'NoneType' object has no attribute 'text'
2025-11-03 07:44:30,591 - INFO - 79 - Successfully fetched content, processing HTML...
2025-11-03 07:44:30,656 - ERROR - 108 - Error processing https://nask.pl/aktualnosci/szkoly-coraz-blizej-technologicznej-rewolucji-znamy-oferty-na-szkolne-laboratoria-przyszlosci: ("'NoneType' object has no attribute 'text'",)
Traceback (most recent call last):
  File "/home/emphie/Documents/PycharmProjects/dyplomCB_cronscrapers/nask/async_individual_link_processor.py", line 89, in process_link
    article_text = soup.select_one('article#articleContent > div.entry').text.strip()
AttributeError: 'NoneType' object has no attribute 'text'
2025-11-03 07:44:30,704 - INFO - 79 - Successfully fetched content, processing HTML...
2025-11-03 07:44:30,775 - ERROR - 108 - Error processing https://nask.pl/aktualnosci/fakty-nie-mity-nask-i-umb-wspolnie-przeciw-dezinformacji-medycznej: ("'NoneType' object has no attribute 'text'",)
Traceback (most recent call last):
  File "/home/emphie/Documents/PycharmProjects/dyplomCB_cronscrapers/nask/async_individual_link_processor.py", line 89, in process_link
    article_text = soup.select_one('article#articleContent > div.entry').text.strip()
AttributeError: 'NoneType' object has no attribute 'text'
2025-11-03 07:46:20,306 - INFO - 79 - Successfully fetched content, processing HTML...
2025-11-03 07:46:20,368 - ERROR - 113 - Error processing https://nask.pl/aktualnosci/szkoly-coraz-blizej-technologicznej-rewolucji-znamy-oferty-na-szkolne-laboratoria-przyszlosci: ("'NoneType' object has no attribute 'text'",)
Traceback (most recent call last):
  File "/home/emphie/Documents/PycharmProjects/dyplomCB_cronscrapers/nask/async_individual_link_processor.py", line 91, in process_link
    article_maintext = soup.select_one('article#articleContent > div.entry').text.strip()
AttributeError: 'NoneType' object has no attribute 'text'
2025-11-03 07:46:20,376 - INFO - 79 - Successfully fetched content, processing HTML...
2025-11-03 07:46:20,443 - ERROR - 113 - Error processing https://nask.pl/aktualnosci/fakty-nie-mity-nask-i-umb-wspolnie-przeciw-dezinformacji-medycznej: ("'NoneType' object has no attribute 'text'",)
Traceback (most recent call last):
  File "/home/emphie/Documents/PycharmProjects/dyplomCB_cronscrapers/nask/async_individual_link_processor.py", line 91, in process_link
    article_maintext = soup.select_one('article#articleContent > div.entry').text.strip()
AttributeError: 'NoneType' object has no attribute 'text'
2025-11-03 07:47:18,205 - INFO - 79 - Successfully fetched content, processing HTML...
2025-11-03 07:47:18,288 - INFO - 79 - Successfully fetched content, processing HTML...
